Build started 1/16/2013 2:13:48 AM.
     1>Project "S:\Server\Python\Simple\simple.vcxproj" on node 3 (build target(s)).
     1>InitializeBuildStatus:
         Touching "Debug\Simple.unsuccessfulbuild".
       ClCompile:
         All outputs are up-to-date.
       ManifestResourceCompile:
         All outputs are up-to-date.
     1>C:\Program Files (x86)\MSBuild\Microsoft.Cpp\v4.0\Microsoft.CppBuild.targets(990,5): warning MSB8012: TargetPath(S:\Server\Python\Simple\Debug\Simple.dll) does not match the Linker's OutputFile property value (S:\Server\Python\Simple\Debug\Simple.pyd). This may cause your project to build incorrectly. To correct this, please make sure that $(OutDir), $(TargetName) and $(TargetExt) property values match the value specified in %(Link.OutputFile).
     1>C:\Program Files (x86)\MSBuild\Microsoft.Cpp\v4.0\Microsoft.CppBuild.targets(991,5): warning MSB8012: TargetExt(.dll) does not match the Linker's OutputFile property value (.pyd). This may cause your project to build incorrectly. To correct this, please make sure that $(OutDir), $(TargetName) and $(TargetExt) property values match the value specified in %(Link.OutputFile).
       Link:
         C:\Program Files (x86)\Microsoft Visual Studio 10.0\VC\bin\link.exe /ERRORREPORT:PROMPT /OUT:"Debug\Simple.pyd" /INCREMENTAL /NOLOGO /LIBPATH:s:\lib\debug /LIBPATH:"s:\Components\CPlusPlus\Python\Python-2.6.7\PCBuild" PyCXX.lib /MANIFEST /ManifestFile:"Debug\Simple.dll.intermediate.manifest" /MANIFESTUAC:"level='asInvoker' uiAccess='false'" /DEBUG /PDB:"Debug\PyCXX.pdb" /SUBSYSTEM:WINDOWS /TLBID:1 /DYNAMICBASE:NO /IMPLIB:"Debug\Simple.lib" /MACHINE:X86 /DLL Debug\Simple.dll.embed.manifest.res
         Debug\Simple.obj
            Creating library Debug\Simple.lib and object Debug\Simple.exp
       Manifest:
         C:\Program Files (x86)\Microsoft SDKs\Windows\v7.0A\bin\mt.exe /nologo /verbose /out:"Debug\Simple.dll.embed.manifest" /manifest Debug\Simple.dll.intermediate.manifest
         C:\Program Files (x86)\Microsoft SDKs\Windows\v7.0A\bin\rc.exe /nologo /fo"Debug\Simple.dll.embed.manifest.res" Debug\Simple_manifest.rc 
       LinkEmbedManifest:
         C:\Program Files (x86)\Microsoft Visual Studio 10.0\VC\bin\link.exe /ERRORREPORT:PROMPT /OUT:"Debug\Simple.pyd" /INCREMENTAL /NOLOGO /LIBPATH:s:\lib\debug /LIBPATH:"s:\Components\CPlusPlus\Python\Python-2.6.7\PCBuild" PyCXX.lib /MANIFEST /ManifestFile:"Debug\Simple.dll.intermediate.manifest" /MANIFESTUAC:"level='asInvoker' uiAccess='false'" /DEBUG /PDB:"Debug\PyCXX.pdb" /SUBSYSTEM:WINDOWS /TLBID:1 /DYNAMICBASE:NO /IMPLIB:"Debug\Simple.lib" /MACHINE:X86 /DLL Debug\Simple.dll.embed.manifest.res
         Debug\Simple.obj
            Creating library Debug\Simple.lib and object Debug\Simple.exp
         simple.vcxproj -> S:\Server\Python\Simple\Debug\Simple.dll
       FinalizeBuildStatus:
         Deleting file "Debug\Simple.unsuccessfulbuild".
         Touching "Debug\Simple.lastbuildstate".
     1>Done Building Project "S:\Server\Python\Simple\simple.vcxproj" (build target(s)).

Build succeeded.

Time Elapsed 00:00:00.74
