Build started 1/16/2013 2:13:36 AM.
     1>Project "S:\Server\Python\PlayCXX\PlayCXX.vcxproj" on node 3 (rebuild target(s)).
     1>InitializeBuildStatus:
         Creating "Debug\PlayCXX.unsuccessfulbuild" because "AlwaysCreate" was specified.
       ClCompile:
         C:\Program Files (x86)\Microsoft Visual Studio 10.0\VC\bin\CL.exe /c /Is:\Server\Python\PyCXX /I"s:\Components\CPlusPlus\Python\Python-2.6.7\include" /ZI /nologo /W3 /WX- /Od /Oy- /D WIN32 /D _DEBUG /D _WINDOWS /D _USRDLL /D PyCXX_EXPORTS /D _VC80_UPGRADE=0x0710 /D _WINDLL /D _MBCS /Gm /EHsc /RTC1 /MTd /GS /fp:precise /Zc:wchar_t /Zc:forScope /Fo"Debug\\" /Fd"Debug\vc100.pdb" /Gd /TP /analyze- /errorReport:prompt PlayCXX.cpp
         PlayCXX.cpp
       ManifestResourceCompile:
         C:\Program Files (x86)\Microsoft SDKs\Windows\v7.0A\bin\rc.exe /nologo /fo"Debug\PlayCXX.dll.embed.manifest.res" Debug\PlayCXX_manifest.rc 
     1>C:\Program Files (x86)\MSBuild\Microsoft.Cpp\v4.0\Microsoft.CppBuild.targets(990,5): warning MSB8012: TargetPath(S:\Server\Python\PlayCXX\Debug\PlayCXX.dll) does not match the Linker's OutputFile property value (S:\Server\Python\PlayCXX\Debug\PlayCXX.pyd). This may cause your project to build incorrectly. To correct this, please make sure that $(OutDir), $(TargetName) and $(TargetExt) property values match the value specified in %(Link.OutputFile).
     1>C:\Program Files (x86)\MSBuild\Microsoft.Cpp\v4.0\Microsoft.CppBuild.targets(991,5): warning MSB8012: TargetExt(.dll) does not match the Linker's OutputFile property value (.pyd). This may cause your project to build incorrectly. To correct this, please make sure that $(OutDir), $(TargetName) and $(TargetExt) property values match the value specified in %(Link.OutputFile).
       Link:
         C:\Program Files (x86)\Microsoft Visual Studio 10.0\VC\bin\link.exe /ERRORREPORT:PROMPT /OUT:"Debug\PlayCXX.pyd" /INCREMENTAL /NOLOGO /LIBPATH:s:\lib\debug /LIBPATH:"s:\Components\CPlusPlus\Python\Python-2.6.7\PCBuild" PyCXX.lib /MANIFEST /ManifestFile:"Debug\PlayCXX.dll.intermediate.manifest" /MANIFESTUAC:"level='asInvoker' uiAccess='false'" /DEBUG /PDB:"Debug\PyCXX.pdb" /SUBSYSTEM:WINDOWS /TLBID:1 /DYNAMICBASE:NO /IMPLIB:"Debug\PlayCXX.lib" /MACHINE:X86 /DLL Debug\PlayCXX.dll.embed.manifest.res
         Debug\PlayCXX.obj
            Creating library Debug\PlayCXX.lib and object Debug\PlayCXX.exp
       Manifest:
         Deleting file "Debug\PlayCXX.dll.embed.manifest".
         C:\Program Files (x86)\Microsoft SDKs\Windows\v7.0A\bin\mt.exe /nologo /verbose /out:"Debug\PlayCXX.dll.embed.manifest" /manifest Debug\PlayCXX.dll.intermediate.manifest
         C:\Program Files (x86)\Microsoft SDKs\Windows\v7.0A\bin\rc.exe /nologo /fo"Debug\PlayCXX.dll.embed.manifest.res" Debug\PlayCXX_manifest.rc 
       LinkEmbedManifest:
         C:\Program Files (x86)\Microsoft Visual Studio 10.0\VC\bin\link.exe /ERRORREPORT:PROMPT /OUT:"Debug\PlayCXX.pyd" /INCREMENTAL /NOLOGO /LIBPATH:s:\lib\debug /LIBPATH:"s:\Components\CPlusPlus\Python\Python-2.6.7\PCBuild" PyCXX.lib /MANIFEST /ManifestFile:"Debug\PlayCXX.dll.intermediate.manifest" /MANIFESTUAC:"level='asInvoker' uiAccess='false'" /DEBUG /PDB:"Debug\PyCXX.pdb" /SUBSYSTEM:WINDOWS /TLBID:1 /DYNAMICBASE:NO /IMPLIB:"Debug\PlayCXX.lib" /MACHINE:X86 /DLL Debug\PlayCXX.dll.embed.manifest.res
         Debug\PlayCXX.obj
            Creating library Debug\PlayCXX.lib and object Debug\PlayCXX.exp
         PlayCXX.vcxproj -> S:\Server\Python\PlayCXX\Debug\PlayCXX.dll
       FinalizeBuildStatus:
         Deleting file "Debug\PlayCXX.unsuccessfulbuild".
         Touching "Debug\PlayCXX.lastbuildstate".
     1>Done Building Project "S:\Server\Python\PlayCXX\PlayCXX.vcxproj" (rebuild target(s)).

Build succeeded.

Time Elapsed 00:00:02.79
